#
# A fatal error has been detected by the Java Runtime Environment:
#
#  Internal Error (javaClasses.cpp:129), pid=2332, tid=6420
#  fatal error: Invalid layout of preloaded class
#
# JRE version: 7.0_25-b17
# Java VM: Java HotSpot(TM) Client VM (23.25-b01 mixed mode windows-x86 )
# Failed to write core dump. Minidumps are not enabled by default on client versions of Windows
#
# If you would like to submit a bug report, please visit:
#   http://bugreport.sun.com/bugreport/crash.jsp
#

---------------  T H R E A D  ---------------

Current thread (0x0097b400):  JavaThread "Unknown thread" [_thread_in_vm, id=6420, stack(0x00610000,0x00660000)]

Stack: [0x00610000,0x00660000],  sp=0x0065f560,  free space=317k
Native frames: (J=compiled Java code, j=interpreted, Vv=VM code, C=native code)
V  [jvm.dll+0x167e31]
V  [jvm.dll+0x1620f6]
V  [jvm.dll+0x1f92f]
V  [jvm.dll+0x1f9b6]
V  [jvm.dll+0x2cffd]
V  [jvm.dll+0x2d2a9]
V  [jvm.dll+0x75351]
V  [jvm.dll+0x7570b]
V  [jvm.dll+0x123881]
V  [jvm.dll+0x1439cc]
V  [jvm.dll+0xa619f]
C  [javaw.exe+0x13ca]
C  [javaw.exe+0x1e3c]
C  [javaw.exe+0xa5b1]
C  [javaw.exe+0xa63b]
C  [kernel32.dll+0x51154]  BaseThreadInitThunk+0x12
C  [ntdll.dll+0x5b299]  RtlInitializeExceptionChain+0x63
C  [ntdll.dll+0x5b26c]  RtlInitializeExceptionChain+0x36


---------------  P R O C E S S  ---------------

Java Threads: ( => current thread )

Other Threads:

=>0x0097b400 (exited) JavaThread "Unknown thread" [_thread_in_vm, id=6420, stack(0x00610000,0x00660000)]

VM state:not at safepoint (not fully initialized)

VM Mutex/Monitor currently owned by a thread: None

GC Heap History (0 events):
No events

Deoptimization events (0 events):
No events

Internal exceptions (0 events):
No events

Events (10 events):
Event: 1.490 loading class 0x00683998 done
Event: 1.490 loading class 0x0097fbc8 done
Event: 1.490 loading class 0x0097fba0
Event: 1.491 loading class 0x006f5de8
Event: 1.491 loading class 0x006f5de8 done
Event: 1.491 loading class 0x006f5e20
Event: 1.513 loading class 0x006f5e20 done
Event: 1.513 loading class 0x006eab40
Event: 1.513 loading class 0x006eab40 done
Event: 1.513 loading class 0x0097fba0 done


Dynamic libraries:
0x00a00000 - 0x00a2f000 	C:\Program Files\Java\jre7\bin\javaw.exe
0x77440000 - 0x7757c000 	C:\windows\SYSTEM32\ntdll.dll
0x75ae0000 - 0x75bb4000 	C:\windows\system32\kernel32.dll
0x75340000 - 0x7538b000 	C:\windows\system32\KERNELBASE.dll
0x75a40000 - 0x75ae0000 	C:\windows\system32\ADVAPI32.dll
0x75d60000 - 0x75e0c000 	C:\windows\system32\msvcrt.dll
0x75680000 - 0x75699000 	C:\windows\SYSTEM32\sechost.dll
0x77260000 - 0x77301000 	C:\windows\system32\RPCRT4.dll
0x75780000 - 0x75849000 	C:\windows\system32\USER32.dll
0x77590000 - 0x775de000 	C:\windows\system32\GDI32.dll
0x75e30000 - 0x75e3a000 	C:\windows\system32\LPK.dll
0x755e0000 - 0x7567d000 	C:\windows\system32\USP10.dll
0x74060000 - 0x741fe000 	C:\windows\WinSxS\x86_microsoft.windows.common-controls_6595b64144ccf1df_6.0.7600.16661_none_420fe3fa2b8113bd\COMCTL32.dll
0x77310000 - 0x77367000 	C:\windows\system32\SHLWAPI.dll
0x75e10000 - 0x75e2f000 	C:\windows\system32\IMM32.DLL
0x77370000 - 0x7743c000 	C:\windows\system32\MSCTF.dll
0x513f0000 - 0x514ae000 	C:\Program Files\Java\jre7\bin\msvcr100.dll
0x55880000 - 0x55bc2000 	C:\Program Files\Java\jre7\bin\client\jvm.dll
0x70de0000 - 0x70de7000 	C:\windows\system32\WSOCK32.dll
0x76080000 - 0x760b5000 	C:\windows\system32\WS2_32.dll
0x76600000 - 0x76606000 	C:\windows\system32\NSI.dll
0x75570000 - 0x755a2000 	C:\windows\system32\WINMM.dll
0x77580000 - 0x77585000 	C:\windows\system32\PSAPI.DLL
0x6f560000 - 0x6f56c000 	C:\Program Files\Java\jre7\bin\verify.dll
0x59110000 - 0x59130000 	C:\Program Files\Java\jre7\bin\java.dll
0x57c10000 - 0x57c23000 	C:\Program Files\Java\jre7\bin\zip.dll
0x72440000 - 0x7252b000 	C:\windows\system32\dbghelp.dll

VM Arguments:
jvm_args: -Dfile.encoding=GBK -Xbootclasspath:D:\Program Files\android\new eclipse\android-sdk-windows\platforms\android-14\android.jar 
java_command: am.hour.unknown.utils.AESUtil
Launcher Type: SUN_STANDARD

Environment Variables:
JAVA_HOME=D:\Program Files\Java\jdk1.6.0_22
CLASSPATH=D:\Program Files\Java\jdk1.6.0_22/lib/tools.jar;D:\Program Files\Java\jdk1.6.0_22/lib/dt.jar
PATH=C:/Program Files/Java/jre7/bin/client;C:/Program Files/Java/jre7/bin;C:/Program Files/Java/jre7/lib/i386;C:\windows\system32;C:\windows;C:\windows\System32\Wbem;C:\windows\System32\WindowsPowerShell\v1.0\;C:\Program Files\Lenovo\Lenovo Home\;D:\Program Files\android\new eclipse\android-sdk-windows\tools;c:\Program Files\Microsoft SQL Server\100\Tools\Binn\;c:\Program Files\Microsoft SQL Server\100\DTS\Binn\;D:\Program Files\Wamp\wamp\bin\php;C:\Program Files\Lenovo\Lenovo Home\DCMainWin.exe;D:\Program Files\android\new eclipse\android-sdk-windows\tools;D:\Program Files\Java\jdk1.6.0_22/bin;D:\Program Files\android\new eclipse\eclipse;
USERNAME=pengyong
OS=Windows_NT
PROCESSOR_IDENTIFIER=x86 Family 6 Model 37 Stepping 5, GenuineIntel



---------------  S Y S T E M  ---------------

OS: Windows 7 Build 7600 

CPU:total 4 (2 cores per cpu, 2 threads per core) family 6 model 37 stepping 5, cmov, cx8, fxsr, mmx, sse, sse2, sse3, ssse3, sse4.1, sse4.2, popcnt, ht, tsc, tscinvbit

Memory: 4k page, physical 2544092k(229288k free), swap 4782840k(775956k free)

vm_info: Java HotSpot(TM) Client VM (23.25-b01) for windows-x86 JRE (1.7.0_25-b17), built on Jun 21 2013 13:06:48 by "java_re" with unknown MS VC++:1600

time: Thu Jul 31 14:30:50 2014
elapsed time: 1 seconds

